<?xml version="1.0" encoding="UTF-8" ?>
<testsuite tests="7" failures="0" name="TestSuite" time="3.049" errors="0" skipped="0">
  <properties>
    <property name="java.runtime.name" value="Java(TM) SE Runtime Environment"/>
    <property name="sun.boot.library.path" value="D:\java\jre\bin"/>
    <property name="java.vm.version" value="25.191-b12"/>
    <property name="java.vm.vendor" value="Oracle Corporation"/>
    <property name="maven.multiModuleProjectDirectory" value="D:/mygitbranch/AutoTest/AutoTest/Shooping"/>
    <property name="java.vendor.url" value="http://java.oracle.com/"/>
    <property name="path.separator" value=";"/>
    <property name="guice.disable.misplaced.annotation.check" value="true"/>
    <property name="java.vm.name" value="Java HotSpot(TM) 64-Bit Server VM"/>
    <property name="file.encoding.pkg" value="sun.io"/>
    <property name="user.script" value=""/>
    <property name="user.country" value="CN"/>
    <property name="sun.java.launcher" value="SUN_STANDARD"/>
    <property name="sun.os.patch.level" value=""/>
    <property name="java.vm.specification.name" value="Java Virtual Machine Specification"/>
    <property name="user.dir" value="D:\mygitbranch\AutoTest\AutoTest\Shooping"/>
    <property name="java.runtime.version" value="1.8.0_191-b12"/>
    <property name="java.awt.graphicsenv" value="sun.awt.Win32GraphicsEnvironment"/>
    <property name="java.endorsed.dirs" value="D:\java\jre\lib\endorsed"/>
    <property name="os.arch" value="amd64"/>
    <property name="java.io.tmpdir" value="C:\Users\AWESOM~1\AppData\Local\Temp\"/>
    <property name="line.separator" value="
"/>
    <property name="java.vm.specification.vendor" value="Oracle Corporation"/>
    <property name="user.variant" value=""/>
    <property name="os.name" value="Windows 10"/>
    <property name="classworlds.conf" value="D:/maven/apache-maven-3.6.0/bin/m2.conf"/>
    <property name="sun.jnu.encoding" value="GBK"/>
    <property name="java.library.path" value="D:\java\bin;C:\Windows\Sun\Java\bin;C:\Windows\system32;C:\Windows;D:\git\Git\mingw64\bin;D:\git\Git\usr\bin;C:\Users\awesome_li\bin;C:\Program Files (x86)\Common Files\Oracle\Java\javapath;D:\VMware\bin;C:\Windows\system32;C:\Windows;C:\Windows\System32\Wbem;C:\Windows\System32\WindowsPowerShell\v1.0;C:\Windows\System32\OpenSSH;C:\Program Files (x86)\NVIDIA Corporation\PhysX\Common;C:\Program Files\NVIDIA Corporation\NVIDIA NvDLISR;D:\java\bin;D:\java\jre\bin;D:\maven\apache-maven-3.6.0\bin;D:\jmeter\apachejmeter\apache-jmeter-4.0\bin;D:\mysql\mysql-8.0.20-winx64\bin;%NAVICAT_HOME%\bin;D:\allure\allure-2.17.3\bin;D:\git\Git\cmd;C:\Users\awesome_li\AppData\Local\Microsoft\WindowsApps;."/>
    <property name="maven.conf" value="D:/maven/apache-maven-3.6.0/conf"/>
    <property name="java.specification.name" value="Java Platform API Specification"/>
    <property name="java.class.version" value="52.0"/>
    <property name="sun.management.compiler" value="HotSpot 64-Bit Tiered Compilers"/>
    <property name="os.version" value="10.0"/>
    <property name="library.jansi.path" value="D:/maven/apache-maven-3.6.0/lib/jansi-native"/>
    <property name="user.home" value="C:\Users\awesome_li"/>
    <property name="user.timezone" value="Asia/Shanghai"/>
    <property name="java.awt.printerjob" value="sun.awt.windows.WPrinterJob"/>
    <property name="java.specification.version" value="1.8"/>
    <property name="file.encoding" value="GBK"/>
    <property name="user.name" value="awesome_li"/>
    <property name="java.class.path" value="D:/maven/apache-maven-3.6.0/boot/plexus-classworlds-2.5.2.jar"/>
    <property name="java.vm.specification.version" value="1.8"/>
    <property name="sun.arch.data.model" value="64"/>
    <property name="java.home" value="D:\java\jre"/>
    <property name="sun.java.command" value="org.codehaus.plexus.classworlds.launcher.Launcher clean package"/>
    <property name="java.specification.vendor" value="Oracle Corporation"/>
    <property name="user.language" value="zh"/>
    <property name="awt.toolkit" value="sun.awt.windows.WToolkit"/>
    <property name="java.vm.info" value="mixed mode"/>
    <property name="java.version" value="1.8.0_191"/>
    <property name="java.ext.dirs" value="D:\java\jre\lib\ext;C:\Windows\Sun\Java\lib\ext"/>
    <property name="sun.boot.class.path" value="D:\java\jre\lib\resources.jar;D:\java\jre\lib\rt.jar;D:\java\jre\lib\sunrsasign.jar;D:\java\jre\lib\jsse.jar;D:\java\jre\lib\jce.jar;D:\java\jre\lib\charsets.jar;D:\java\jre\lib\jfr.jar;D:\java\jre\classes"/>
    <property name="sun.stderr.encoding" value="ms936"/>
    <property name="java.vendor" value="Oracle Corporation"/>
    <property name="maven.home" value="D:\maven\apache-maven-3.6.0"/>
    <property name="file.separator" value="\"/>
    <property name="java.vendor.url.bug" value="http://bugreport.sun.com/bugreport/"/>
    <property name="sun.cpu.endian" value="little"/>
    <property name="sun.io.unicode.encoding" value="UnicodeLittle"/>
    <property name="sun.stdout.encoding" value="ms936"/>
    <property name="sun.desktop" value="windows"/>
    <property name="sun.cpu.isalist" value="amd64"/>
  </properties>
  <testcase classname="com.test.autotest.cases.TestRegister" name="testRegister1" time="2.758"/>
  <testcase classname="com.test.autotest.cases.TestRegister" name="testRegister2" time="0.059"/>
  <testcase classname="com.test.autotest.cases.TestRegister" name="testRegister3" time="0.057"/>
  <testcase classname="com.test.autotest.cases.TestRegister" name="testRegister4" time="0.062"/>
  <testcase classname="com.test.autotest.cases.TestRegister" name="testRegister5" time="0.049"/>
  <testcase classname="com.test.autotest.cases.TestRegister" name="testRegister6" time="0.054"/>
  <testcase classname="com.test.autotest.cases.TestRegister" name="testRegister7" time="0.01"/>
</testsuite>