<?xml version="1.0" encoding="UTF-8"?>
<!-- Generated by org.testng.reporters.JUnitReportReporter -->
<testsuite skipped="0" hostname="LAPTOP-S257V0M9" name="com.test.autotest.cases.TestRegister" tests="7" failures="0" timestamp="2022-05-11T01:24:35 CST" time="0.555" errors="0">
  <testcase name="testRegister5" time="0.041" classname="com.test.autotest.cases.TestRegister"/>
  <system-out/>
  <testcase name="testRegister15" time="0.053" classname="com.test.autotest.cases.TestRegister"/>
  <system-out/>
  <testcase name="testRegister2" time="0.051" classname="com.test.autotest.cases.TestRegister"/>
  <system-out/>
  <testcase name="testRegister3" time="0.050" classname="com.test.autotest.cases.TestRegister"/>
  <system-out/>
  <testcase name="testRegister4" time="0.053" classname="com.test.autotest.cases.TestRegister"/>
  <system-out/>
  <testcase name="testRegister1" time="0.221" classname="com.test.autotest.cases.TestRegister"/>
  <system-out/>
  <testcase name="testRegister14" time="0.086" classname="com.test.autotest.cases.TestRegister"/>
  <system-out/>
</testsuite> <!-- com.test.autotest.cases.TestRegister -->
