<?xml version="1.0" encoding="UTF-8"?>
<!-- Generated by org.testng.reporters.JUnitReportReporter -->
<testsuite skipped="0" hostname="LAPTOP-S257V0M9" name="com.test.autotest.cases.TestRegister" tests="7" failures="0" timestamp="2022-05-14T15:06:42 CST" time="3.052" errors="0">
  <testcase name="testRegister1" time="2.760" classname="com.test.autotest.cases.TestRegister"/>
  <system-out/>
  <testcase name="testRegister3" time="0.058" classname="com.test.autotest.cases.TestRegister"/>
  <system-out/>
  <testcase name="testRegister4" time="0.063" classname="com.test.autotest.cases.TestRegister"/>
  <system-out/>
  <testcase name="testRegister7" time="0.010" classname="com.test.autotest.cases.TestRegister"/>
  <system-out/>
  <testcase name="testRegister2" time="0.059" classname="com.test.autotest.cases.TestRegister"/>
  <system-out/>
  <testcase name="testRegister6" time="0.053" classname="com.test.autotest.cases.TestRegister"/>
  <system-out/>
  <testcase name="testRegister5" time="0.049" classname="com.test.autotest.cases.TestRegister"/>
  <system-out/>
</testsuite> <!-- com.test.autotest.cases.TestRegister -->
