<?xml version="1.0" encoding="UTF-8"?>
<!-- Generated by org.testng.reporters.JUnitReportReporter -->
<testsuite skipped="0" hostname="LAPTOP-S257V0M9" name="com.test.autotest.cases.TestRegister" tests="7" failures="0" timestamp="2022-05-10T18:36:57 CST" time="0.520" errors="0">
  <testcase name="testRegister1" time="0.237" classname="com.test.autotest.cases.TestRegister"/>
  <system-out/>
  <testcase name="testRegister2" time="0.054" classname="com.test.autotest.cases.TestRegister"/>
  <system-out/>
  <testcase name="testRegister4" time="0.048" classname="com.test.autotest.cases.TestRegister"/>
  <system-out/>
  <testcase name="testRegister3" time="0.047" classname="com.test.autotest.cases.TestRegister"/>
  <system-out/>
  <testcase name="testRegister14" time="0.037" classname="com.test.autotest.cases.TestRegister"/>
  <system-out/>
  <testcase name="testRegister5" time="0.046" classname="com.test.autotest.cases.TestRegister"/>
  <system-out/>
  <testcase name="testRegister15" time="0.051" classname="com.test.autotest.cases.TestRegister"/>
  <system-out/>
</testsuite> <!-- com.test.autotest.cases.TestRegister -->
