<?xml version="1.0" encoding="UTF-8"?>
<!-- Generated by org.testng.reporters.JUnitReportReporter -->
<testsuite skipped="0" hostname="LAPTOP-S257V0M9" name="com.test.autotest.cases.TestRegister" tests="7" failures="0" timestamp="2022-05-12T03:23:46 CST" time="0.542" errors="0">
  <testcase name="testRegister3" time="0.053" classname="com.test.autotest.cases.TestRegister"/>
  <system-out/>
  <testcase name="testRegister6" time="0.051" classname="com.test.autotest.cases.TestRegister"/>
  <system-out/>
  <testcase name="testRegister4" time="0.080" classname="com.test.autotest.cases.TestRegister"/>
  <system-out/>
  <testcase name="testRegister5" time="0.048" classname="com.test.autotest.cases.TestRegister"/>
  <system-out/>
  <testcase name="testRegister1" time="0.229" classname="com.test.autotest.cases.TestRegister"/>
  <system-out/>
  <testcase name="testRegister2" time="0.064" classname="com.test.autotest.cases.TestRegister"/>
  <system-out/>
  <testcase name="testRegister7" time="0.017" classname="com.test.autotest.cases.TestRegister"/>
  <system-out/>
</testsuite> <!-- com.test.autotest.cases.TestRegister -->
