<?xml version="1.0" encoding="UTF-8"?>
<!-- Generated by org.testng.reporters.JUnitReportReporter -->
<testsuite skipped="4" hostname="LAPTOP-S257V0M9" name="com.test.autotest.MyBatisTest" tests="5" failures="0" timestamp="2022-05-14T01:47:39 CST" time="0.044" errors="0">
  <testcase name="testUrlConfigFile" time="0.044" classname="com.test.autotest.MyBatisTest"/>
  <system-out/>
  <testcase name="test" classname="com.test.autotest.MyBatisTest">
    <skipped/>
  </testcase> <!-- test -->
  <system-out/>
  <testcase name="testInsertUser" classname="com.test.autotest.MyBatisTest">
    <skipped/>
  </testcase> <!-- testInsertUser -->
  <system-out/>
  <testcase name="testDeleteAll" classname="com.test.autotest.MyBatisTest">
    <skipped/>
  </testcase> <!-- testDeleteAll -->
  <system-out/>
  <testcase name="testSelectOne" classname="com.test.autotest.MyBatisTest">
    <skipped/>
  </testcase> <!-- testSelectOne -->
  <system-out/>
</testsuite> <!-- com.test.autotest.MyBatisTest -->
