<?xml version="1.0" encoding="UTF-8"?>
<!-- Generated by org.testng.reporters.JUnitReportReporter -->
<testsuite skipped="0" hostname="LAPTOP-S257V0M9" name="com.test.autotest.cases.TestRegister" tests="7" failures="0" timestamp="2022-05-12T03:01:28 CST" time="0.476" errors="0">
  <testcase name="testRegister5" time="0.038" classname="com.test.autotest.cases.TestRegister"/>
  <system-out/>
  <testcase name="testRegister2" time="0.060" classname="com.test.autotest.cases.TestRegister"/>
  <system-out/>
  <testcase name="testRegister3" time="0.051" classname="com.test.autotest.cases.TestRegister"/>
  <system-out/>
  <testcase name="testRegister7" time="0.008" classname="com.test.autotest.cases.TestRegister"/>
  <system-out/>
  <testcase name="testRegister4" time="0.053" classname="com.test.autotest.cases.TestRegister"/>
  <system-out/>
  <testcase name="testRegister1" time="0.228" classname="com.test.autotest.cases.TestRegister"/>
  <system-out/>
  <testcase name="testRegister6" time="0.038" classname="com.test.autotest.cases.TestRegister"/>
  <system-out/>
</testsuite> <!-- com.test.autotest.cases.TestRegister -->
